<?xml version="1.0" encoding="UTF-8"?>
<coverage generated="1641493809337" clover="3.2.0">
  <project timestamp="1641493809337" name="All files">
    <metrics statements="14" coveredstatements="10" conditionals="1" coveredconditionals="0" methods="4" coveredmethods="3" elements="19" coveredelements="13" complexity="0" loc="14" ncloc="14" packages="2" files="2" classes="2"/>
    <package name="datasources">
      <metrics statements="11" coveredstatements="7" conditionals="1" coveredconditionals="0" methods="4" coveredmethods="3"/>
      <file name="notifyNewSubscription.datasource.ts" path="/mnt/c/Users/david/Desktop/NodeJS-Challenge/emailNotificationService/src/datasources/notifyNewSubscription.datasource.ts">
        <metrics statements="11" coveredstatements="7" conditionals="1" coveredconditionals="0" methods="4" coveredmethods="3"/>
        <line num="2" count="1" type="stmt"/>
        <line num="3" count="1" type="stmt"/>
        <line num="6" count="1" type="stmt"/>
        <line num="11" count="1" type="stmt"/>
        <line num="14" count="1" type="stmt"/>
        <line num="21" count="1" type="stmt"/>
        <line num="23" count="0" type="cond" truecount="0" falsecount="1"/>
        <line num="24" count="0" type="stmt"/>
        <line num="25" count="0" type="stmt"/>
        <line num="28" count="0" type="stmt"/>
        <line num="36" count="1" type="stmt"/>
      </file>
    </package>
    <package name="logging">
      <metrics statements="3" coveredstatements="3" conditionals="0" coveredconditionals="0" methods="0" coveredmethods="0"/>
      <file name="winstonLogger.ts" path="/mnt/c/Users/david/Desktop/NodeJS-Challenge/emailNotificationService/src/logging/winstonLogger.ts">
        <metrics statements="3" coveredstatements="3" conditionals="0" coveredconditionals="0" methods="0" coveredmethods="0"/>
        <line num="1" count="1" type="stmt"/>
        <line num="3" count="1" type="stmt"/>
        <line num="11" count="1" type="stmt"/>
      </file>
    </package>
  </project>
</coverage>
