{"/mnt/c/Users/david/Desktop/NodeJS-Challenge/emailNotificationService/src/datasources/notifyNewSubscription.datasource.ts": {"path":"/mnt/c/Users/david/Desktop/NodeJS-Challenge/emailNotificationService/src/datasources/notifyNewSubscription.datasource.ts","statementMap":{"0":{"start":{"line":2,"column":0},"end":{"line":2,"column":45}},"1":{"start":{"line":3,"column":0},"end":{"line":3,"column":35}},"2":{"start":{"line":11,"column":8},"end":{"line":30,"column":null}},"3":{"start":{"line":14,"column":36},"end":{"line":19,"column":null}},"4":{"start":{"line":21,"column":12},"end":{"line":29,"column":null}},"5":{"start":{"line":23,"column":16},"end":{"line":26,"column":null}},"6":{"start":{"line":24,"column":20},"end":{"line":24,"column":null}},"7":{"start":{"line":25,"column":20},"end":{"line":25,"column":null}},"8":{"start":{"line":28,"column":16},"end":{"line":28,"column":null}},"9":{"start":{"line":36,"column":8},"end":{"line":44,"column":null}},"10":{"start":{"line":6,"column":0},"end":{"line":6,"column":21}}},"fnMap":{"0":{"name":"(anonymous_8)","decl":{"start":{"line":8,"column":17},"end":{"line":8,"column":35}},"loc":{"start":{"line":9,"column":51},"end":{"line":31,"column":null}}},"1":{"name":"(anonymous_10)","decl":{"start":{"line":11,"column":27},"end":{"line":11,"column":28}},"loc":{"start":{"line":11,"column":47},"end":{"line":30,"column":9}}},"2":{"name":"(anonymous_11)","decl":{"start":{"line":21,"column":55},"end":{"line":21,"column":56}},"loc":{"start":{"line":21,"column":83},"end":{"line":29,"column":13}}},"3":{"name":"(anonymous_12)","decl":{"start":{"line":34,"column":12},"end":{"line":34,"column":21}},"loc":{"start":{"line":34,"column":21},"end":{"line":45,"column":5}}}},"branchMap":{"0":{"loc":{"start":{"line":23,"column":16},"end":{"line":26,"column":null}},"type":"if","locations":[{"start":{"line":23,"column":16},"end":{"line":26,"column":null}}]}},"s":{"0":1,"1":1,"2":1,"3":1,"4":1,"5":0,"6":0,"7":0,"8":0,"9":1,"10":1},"f":{"0":1,"1":1,"2":0,"3":1},"b":{"0":[0]}}
,"/mnt/c/Users/david/Desktop/NodeJS-Challenge/emailNotificationService/src/logging/winstonLogger.ts": {"path":"/mnt/c/Users/david/Desktop/NodeJS-Challenge/emailNotificationService/src/logging/winstonLogger.ts","statementMap":{"0":{"start":{"line":1,"column":0},"end":{"line":1,"column":29}},"1":{"start":{"line":3,"column":13},"end":{"line":9,"column":2}},"2":{"start":{"line":11,"column":0},"end":{"line":11,"column":null}}},"fnMap":{},"branchMap":{},"s":{"0":1,"1":1,"2":1},"f":{},"b":{}}
}
